C:\USERS\A\DOCUMENTS\ZOEZENTRACKER\DEBUG\ZOEZENTRACKER.EXE
C:\USERS\A\DOCUMENTS\ZOEZENTRACKER\DEBUG\ZOEZENTRACKER.ILK
C:\USERS\A\DOCUMENTS\ZOEZENTRACKER\DEBUG\ZOEZENTRACKER.PDB
C:\USERS\A\DOCUMENTS\ZOEZENTRACKER\GENERATEDFILES\DEBUG\MOC_POSERECORDERDLG.CPP
C:\USERS\A\DOCUMENTS\ZOEZENTRACKER\GENERATEDFILES\DEBUG\MOC_TEMPLATEMANAGER.CPP
C:\USERS\A\DOCUMENTS\ZOEZENTRACKER\GENERATEDFILES\DEBUG\MOC_UDPRECEIVER.CPP
C:\USERS\A\DOCUMENTS\ZOEZENTRACKER\GENERATEDFILES\DEBUG\MOC_UDPSENDER.CPP
C:\USERS\A\DOCUMENTS\ZOEZENTRACKER\GENERATEDFILES\DEBUG\MOC_UDPSENDERLISTDLG.CPP
C:\USERS\A\DOCUMENTS\ZOEZENTRACKER\GENERATEDFILES\DEBUG\MOC_ZOEZENTRACKER.CPP
C:\USERS\A\DOCUMENTS\ZOEZENTRACKER\GENERATEDFILES\QRC_IMAGES.CPP
C:\USERS\A\DOCUMENTS\ZOEZENTRACKER\GENERATEDFILES\QRC_SENDERLISTRS.CPP
C:\USERS\A\DOCUMENTS\ZOEZENTRACKER\GENERATEDFILES\UI_POSERECORDERDLG.H
C:\USERS\A\DOCUMENTS\ZOEZENTRACKER\GENERATEDFILES\UI_TEMPLATEMANAGER.H
C:\USERS\A\DOCUMENTS\ZOEZENTRACKER\GENERATEDFILES\UI_UDPSENDERLISTDLG.H
C:\USERS\A\DOCUMENTS\ZOEZENTRACKER\GENERATEDFILES\UI_ZOEZENTRACKER.H
C:\USERS\A\DOCUMENTS\ZOEZENTRACKER\WIN32\DEBUG\CAMERADS.OBJ
C:\USERS\A\DOCUMENTS\ZOEZENTRACKER\WIN32\DEBUG\MAIN.OBJ
C:\USERS\A\DOCUMENTS\ZOEZENTRACKER\WIN32\DEBUG\MARKERDETECTOR.OBJ
C:\USERS\A\DOCUMENTS\ZOEZENTRACKER\WIN32\DEBUG\MOC_POSERECORDERDLG.OBJ
C:\USERS\A\DOCUMENTS\ZOEZENTRACKER\WIN32\DEBUG\MOC_TEMPLATEMANAGER.OBJ
C:\USERS\A\DOCUMENTS\ZOEZENTRACKER\WIN32\DEBUG\MOC_UDPRECEIVER.OBJ
C:\USERS\A\DOCUMENTS\ZOEZENTRACKER\WIN32\DEBUG\MOC_UDPSENDER.OBJ
C:\USERS\A\DOCUMENTS\ZOEZENTRACKER\WIN32\DEBUG\MOC_UDPSENDERLISTDLG.OBJ
C:\USERS\A\DOCUMENTS\ZOEZENTRACKER\WIN32\DEBUG\MOC_ZOEZENTRACKER.OBJ
C:\USERS\A\DOCUMENTS\ZOEZENTRACKER\WIN32\DEBUG\POSERECORDERDLG.OBJ
C:\USERS\A\DOCUMENTS\ZOEZENTRACKER\WIN32\DEBUG\QRC_IMAGES.OBJ
C:\USERS\A\DOCUMENTS\ZOEZENTRACKER\WIN32\DEBUG\QRC_SENDERLISTRS.OBJ
C:\USERS\A\DOCUMENTS\ZOEZENTRACKER\WIN32\DEBUG\STEREOTRACKER.OBJ
C:\USERS\A\DOCUMENTS\ZOEZENTRACKER\WIN32\DEBUG\TEMPLATEMANAGER.OBJ
C:\USERS\A\DOCUMENTS\ZOEZENTRACKER\WIN32\DEBUG\UDPRECEIVER.OBJ
C:\USERS\A\DOCUMENTS\ZOEZENTRACKER\WIN32\DEBUG\UDPSENDER.OBJ
C:\USERS\A\DOCUMENTS\ZOEZENTRACKER\WIN32\DEBUG\UDPSENDERLISTDLG.OBJ
C:\USERS\A\DOCUMENTS\ZOEZENTRACKER\WIN32\DEBUG\VC100.PDB
C:\USERS\A\DOCUMENTS\ZOEZENTRACKER\WIN32\DEBUG\ZOEZENTRACKER.EXE.INTERMEDIATE.MANIFEST
C:\USERS\A\DOCUMENTS\ZOEZENTRACKER\WIN32\DEBUG\ZOEZENTRACKER.OBJ
C:\USERS\ADMINISTRATOR\DESKTOP\ZOEZENTRACKER\GENERATEDFILES\DEBUG\MOC_POSERECORDERDLG.CPP
C:\USERS\ADMINISTRATOR\DESKTOP\ZOEZENTRACKER\GENERATEDFILES\DEBUG\MOC_TEMPLATEMANAGER.CPP
C:\USERS\ADMINISTRATOR\DESKTOP\ZOEZENTRACKER\GENERATEDFILES\DEBUG\MOC_UDPRECEIVER.CPP
C:\USERS\ADMINISTRATOR\DESKTOP\ZOEZENTRACKER\GENERATEDFILES\DEBUG\MOC_UDPSENDER.CPP
C:\USERS\ADMINISTRATOR\DESKTOP\ZOEZENTRACKER\GENERATEDFILES\DEBUG\MOC_UDPSENDERLISTDLG.CPP
C:\USERS\ADMINISTRATOR\DESKTOP\ZOEZENTRACKER\GENERATEDFILES\DEBUG\MOC_ZOEZENTRACKER.CPP
C:\USERS\ADMINISTRATOR\DESKTOP\ZOEZENTRACKER\GENERATEDFILES\QRC_IMAGES.CPP
C:\USERS\ADMINISTRATOR\DESKTOP\ZOEZENTRACKER\GENERATEDFILES\QRC_SENDERLISTRS.CPP
C:\USERS\ADMINISTRATOR\DESKTOP\ZOEZENTRACKER\GENERATEDFILES\UI_POSERECORDERDLG.H
C:\USERS\ADMINISTRATOR\DESKTOP\ZOEZENTRACKER\GENERATEDFILES\UI_TEMPLATEMANAGER.H
C:\USERS\ADMINISTRATOR\DESKTOP\ZOEZENTRACKER\GENERATEDFILES\UI_UDPSENDERLISTDLG.H
C:\USERS\ADMINISTRATOR\DESKTOP\ZOEZENTRACKER\GENERATEDFILES\UI_ZOEZENTRACKER.H
C:\Users\Administrator\Desktop\ZoezenTracker\Win32\Debug\CameraDS.obj
C:\Users\Administrator\Desktop\ZoezenTracker\Win32\Debug\cl.command.1.tlog
C:\Users\Administrator\Desktop\ZoezenTracker\Win32\Debug\CL.read.1.tlog
C:\Users\Administrator\Desktop\ZoezenTracker\Win32\Debug\CL.write.1.tlog
C:\Users\Administrator\Desktop\ZoezenTracker\Win32\Debug\custombuild.command.1.tlog
C:\Users\Administrator\Desktop\ZoezenTracker\Win32\Debug\custombuild.read.1.tlog
C:\Users\Administrator\Desktop\ZoezenTracker\Win32\Debug\custombuild.write.1.tlog
C:\Users\Administrator\Desktop\ZoezenTracker\Win32\Debug\idscamera.obj
C:\Users\Administrator\Desktop\ZoezenTracker\Win32\Debug\link.command.1.tlog
C:\Users\Administrator\Desktop\ZoezenTracker\Win32\Debug\link.read.1.tlog
C:\Users\Administrator\Desktop\ZoezenTracker\Win32\Debug\link.write.1.tlog
C:\Users\Administrator\Desktop\ZoezenTracker\Win32\Debug\main.obj
C:\Users\Administrator\Desktop\ZoezenTracker\Win32\Debug\MarkerDetector.obj
C:\Users\Administrator\Desktop\ZoezenTracker\Win32\Debug\moc_poserecorderdlg.obj
C:\Users\Administrator\Desktop\ZoezenTracker\Win32\Debug\moc_templatemanager.obj
C:\Users\Administrator\Desktop\ZoezenTracker\Win32\Debug\moc_udpreceiver.obj
C:\Users\Administrator\Desktop\ZoezenTracker\Win32\Debug\moc_udpsender.obj
C:\Users\Administrator\Desktop\ZoezenTracker\Win32\Debug\moc_udpsenderlistdlg.obj
C:\Users\Administrator\Desktop\ZoezenTracker\Win32\Debug\moc_zoezentracker.obj
C:\Users\Administrator\Desktop\ZoezenTracker\Win32\Debug\mt.command.1.tlog
C:\Users\Administrator\Desktop\ZoezenTracker\Win32\Debug\mt.read.1.tlog
C:\Users\Administrator\Desktop\ZoezenTracker\Win32\Debug\mt.write.1.tlog
C:\Users\Administrator\Desktop\ZoezenTracker\Win32\Debug\poserecorderdlg.obj
C:\Users\Administrator\Desktop\ZoezenTracker\Win32\Debug\qrc_images.obj
C:\Users\Administrator\Desktop\ZoezenTracker\Win32\Debug\qrc_senderlistrs.obj
C:\Users\Administrator\Desktop\ZoezenTracker\Win32\Debug\StereoTracker.obj
C:\Users\Administrator\Desktop\ZoezenTracker\Win32\Debug\templatemanager.obj
C:\Users\Administrator\Desktop\ZoezenTracker\Win32\Debug\udpreceiver.obj
C:\Users\Administrator\Desktop\ZoezenTracker\Win32\Debug\udpsender.obj
C:\Users\Administrator\Desktop\ZoezenTracker\Win32\Debug\udpsenderlistdlg.obj
C:\USERS\ADMINISTRATOR\DESKTOP\ZOEZENTRACKER\WIN32\DEBUG\VC100.PDB
C:\Users\Administrator\Desktop\ZoezenTracker\Win32\Debug\ZoezenTracker.exe.intermediate.manifest
C:\Users\Administrator\Desktop\ZoezenTracker\Win32\Debug\zoezentracker.obj
C:\Users\Administrator\Desktop\ZoezenTracker\Win32\Debug\ZoezenTracker.vcxprojResolveAssemblyReference.cache
C:\Users\Administrator\Desktop\ZoezenTracker\Win32\Debug\ZoezenTracker.write.1.tlog
D:\USERS\XXJ\DESKTOP\ZOETRACKER\ZOEZENTRACKER\DEBUG\ZOEZENTRACKER.EXE
D:\USERS\XXJ\DESKTOP\ZOETRACKER\ZOEZENTRACKER\DEBUG\ZOEZENTRACKER.ILK
D:\USERS\XXJ\DESKTOP\ZOETRACKER\ZOEZENTRACKER\DEBUG\ZOEZENTRACKER.PDB
D:\USERS\XXJ\DESKTOP\ZOETRACKER\ZOEZENTRACKER\GENERATEDFILES\DEBUG\MOC_POSERECORDERDLG.CPP
D:\USERS\XXJ\DESKTOP\ZOETRACKER\ZOEZENTRACKER\GENERATEDFILES\DEBUG\MOC_TEMPLATEMANAGER.CPP
D:\USERS\XXJ\DESKTOP\ZOETRACKER\ZOEZENTRACKER\GENERATEDFILES\DEBUG\MOC_UDPRECEIVER.CPP
D:\USERS\XXJ\DESKTOP\ZOETRACKER\ZOEZENTRACKER\GENERATEDFILES\DEBUG\MOC_UDPSENDER.CPP
D:\USERS\XXJ\DESKTOP\ZOETRACKER\ZOEZENTRACKER\GENERATEDFILES\DEBUG\MOC_UDPSENDERLISTDLG.CPP
D:\USERS\XXJ\DESKTOP\ZOETRACKER\ZOEZENTRACKER\GENERATEDFILES\DEBUG\MOC_ZOEZENTRACKER.CPP
D:\USERS\XXJ\DESKTOP\ZOETRACKER\ZOEZENTRACKER\GENERATEDFILES\QRC_IMAGES.CPP
D:\USERS\XXJ\DESKTOP\ZOETRACKER\ZOEZENTRACKER\GENERATEDFILES\QRC_SENDERLISTRS.CPP
D:\USERS\XXJ\DESKTOP\ZOETRACKER\ZOEZENTRACKER\GENERATEDFILES\UI_POSERECORDERDLG.H
D:\USERS\XXJ\DESKTOP\ZOETRACKER\ZOEZENTRACKER\GENERATEDFILES\UI_TEMPLATEMANAGER.H
D:\USERS\XXJ\DESKTOP\ZOETRACKER\ZOEZENTRACKER\GENERATEDFILES\UI_UDPSENDERLISTDLG.H
D:\USERS\XXJ\DESKTOP\ZOETRACKER\ZOEZENTRACKER\GENERATEDFILES\UI_ZOEZENTRACKER.H
D:\USERS\XXJ\DESKTOP\ZOETRACKER\ZOEZENTRACKER\WIN32\DEBUG\CAMERADS.OBJ
D:\USERS\XXJ\DESKTOP\ZOETRACKER\ZOEZENTRACKER\WIN32\DEBUG\IDSCAMERA.OBJ
D:\USERS\XXJ\DESKTOP\ZOETRACKER\ZOEZENTRACKER\WIN32\DEBUG\MAIN.OBJ
D:\USERS\XXJ\DESKTOP\ZOETRACKER\ZOEZENTRACKER\WIN32\DEBUG\MARKERDETECTOR.OBJ
D:\USERS\XXJ\DESKTOP\ZOETRACKER\ZOEZENTRACKER\WIN32\DEBUG\MOC_POSERECORDERDLG.OBJ
D:\USERS\XXJ\DESKTOP\ZOETRACKER\ZOEZENTRACKER\WIN32\DEBUG\MOC_TEMPLATEMANAGER.OBJ
D:\USERS\XXJ\DESKTOP\ZOETRACKER\ZOEZENTRACKER\WIN32\DEBUG\MOC_UDPRECEIVER.OBJ
D:\USERS\XXJ\DESKTOP\ZOETRACKER\ZOEZENTRACKER\WIN32\DEBUG\MOC_UDPSENDER.OBJ
D:\USERS\XXJ\DESKTOP\ZOETRACKER\ZOEZENTRACKER\WIN32\DEBUG\MOC_UDPSENDERLISTDLG.OBJ
D:\USERS\XXJ\DESKTOP\ZOETRACKER\ZOEZENTRACKER\WIN32\DEBUG\MOC_ZOEZENTRACKER.OBJ
D:\USERS\XXJ\DESKTOP\ZOETRACKER\ZOEZENTRACKER\WIN32\DEBUG\POSERECORDERDLG.OBJ
D:\USERS\XXJ\DESKTOP\ZOETRACKER\ZOEZENTRACKER\WIN32\DEBUG\QRC_IMAGES.OBJ
D:\USERS\XXJ\DESKTOP\ZOETRACKER\ZOEZENTRACKER\WIN32\DEBUG\QRC_SENDERLISTRS.OBJ
D:\USERS\XXJ\DESKTOP\ZOETRACKER\ZOEZENTRACKER\WIN32\DEBUG\STEREOTRACKER.OBJ
D:\USERS\XXJ\DESKTOP\ZOETRACKER\ZOEZENTRACKER\WIN32\DEBUG\TEMPLATEMANAGER.OBJ
D:\USERS\XXJ\DESKTOP\ZOETRACKER\ZOEZENTRACKER\WIN32\DEBUG\UDPRECEIVER.OBJ
D:\USERS\XXJ\DESKTOP\ZOETRACKER\ZOEZENTRACKER\WIN32\DEBUG\UDPSENDER.OBJ
D:\USERS\XXJ\DESKTOP\ZOETRACKER\ZOEZENTRACKER\WIN32\DEBUG\UDPSENDERLISTDLG.OBJ
D:\USERS\XXJ\DESKTOP\ZOETRACKER\ZOEZENTRACKER\WIN32\DEBUG\VC100.PDB
D:\USERS\XXJ\DESKTOP\ZOETRACKER\ZOEZENTRACKER\WIN32\DEBUG\ZOEZENTRACKER.EXE.INTERMEDIATE.MANIFEST
D:\USERS\XXJ\DESKTOP\ZOETRACKER\ZOEZENTRACKER\WIN32\DEBUG\ZOEZENTRACKER.OBJ
