C:\USERS\ADMINISTRATOR\DESKTOP\ZOEZENTRACKER\GENERATEDFILES\QRC_IMAGES.CPP
C:\USERS\ADMINISTRATOR\DESKTOP\ZOEZENTRACKER\GENERATEDFILES\QRC_SENDERLISTRS.CPP
C:\USERS\ADMINISTRATOR\DESKTOP\ZOEZENTRACKER\GENERATEDFILES\RELEASE\MOC_POSERECORDERDLG.CPP
C:\USERS\ADMINISTRATOR\DESKTOP\ZOEZENTRACKER\GENERATEDFILES\RELEASE\MOC_TEMPLATEMANAGER.CPP
C:\USERS\ADMINISTRATOR\DESKTOP\ZOEZENTRACKER\GENERATEDFILES\RELEASE\MOC_UDPRECEIVER.CPP
C:\USERS\ADMINISTRATOR\DESKTOP\ZOEZENTRACKER\GENERATEDFILES\RELEASE\MOC_UDPSENDER.CPP
C:\USERS\ADMINISTRATOR\DESKTOP\ZOEZENTRACKER\GENERATEDFILES\RELEASE\MOC_UDPSENDERLISTDLG.CPP
C:\USERS\ADMINISTRATOR\DESKTOP\ZOEZENTRACKER\GENERATEDFILES\RELEASE\MOC_ZOEZENTRACKER.CPP
C:\USERS\ADMINISTRATOR\DESKTOP\ZOEZENTRACKER\GENERATEDFILES\UI_POSERECORDERDLG.H
C:\USERS\ADMINISTRATOR\DESKTOP\ZOEZENTRACKER\GENERATEDFILES\UI_TEMPLATEMANAGER.H
C:\USERS\ADMINISTRATOR\DESKTOP\ZOEZENTRACKER\GENERATEDFILES\UI_UDPSENDERLISTDLG.H
C:\USERS\ADMINISTRATOR\DESKTOP\ZOEZENTRACKER\GENERATEDFILES\UI_ZOEZENTRACKER.H
C:\Users\Administrator\Desktop\ZoezenTracker\Win32\Release\cl.command.1.tlog
C:\Users\Administrator\Desktop\ZoezenTracker\Win32\Release\CL.read.1.tlog
C:\Users\Administrator\Desktop\ZoezenTracker\Win32\Release\CL.write.1.tlog
C:\Users\Administrator\Desktop\ZoezenTracker\Win32\Release\custombuild.command.1.tlog
C:\Users\Administrator\Desktop\ZoezenTracker\Win32\Release\custombuild.read.1.tlog
C:\Users\Administrator\Desktop\ZoezenTracker\Win32\Release\custombuild.write.1.tlog
C:\USERS\ADMINISTRATOR\DESKTOP\ZOEZENTRACKER\WIN32\RELEASE\MARKERDETECTOR.OBJ
C:\USERS\ADMINISTRATOR\DESKTOP\ZOEZENTRACKER\WIN32\RELEASE\MOC_POSERECORDERDLG.OBJ
C:\USERS\ADMINISTRATOR\DESKTOP\ZOEZENTRACKER\WIN32\RELEASE\MOC_TEMPLATEMANAGER.OBJ
C:\USERS\ADMINISTRATOR\DESKTOP\ZOEZENTRACKER\WIN32\RELEASE\MOC_UDPRECEIVER.OBJ
C:\USERS\ADMINISTRATOR\DESKTOP\ZOEZENTRACKER\WIN32\RELEASE\MOC_UDPSENDER.OBJ
C:\USERS\ADMINISTRATOR\DESKTOP\ZOEZENTRACKER\WIN32\RELEASE\MOC_UDPSENDERLISTDLG.OBJ
C:\USERS\ADMINISTRATOR\DESKTOP\ZOEZENTRACKER\WIN32\RELEASE\POSERECORDERDLG.OBJ
C:\USERS\ADMINISTRATOR\DESKTOP\ZOEZENTRACKER\WIN32\RELEASE\QRC_IMAGES.OBJ
C:\USERS\ADMINISTRATOR\DESKTOP\ZOEZENTRACKER\WIN32\RELEASE\QRC_SENDERLISTRS.OBJ
C:\USERS\ADMINISTRATOR\DESKTOP\ZOEZENTRACKER\WIN32\RELEASE\STDAFX.OBJ
C:\USERS\ADMINISTRATOR\DESKTOP\ZOEZENTRACKER\WIN32\RELEASE\STEREOTRACKER.OBJ
C:\USERS\ADMINISTRATOR\DESKTOP\ZOEZENTRACKER\WIN32\RELEASE\UDPRECEIVER.OBJ
C:\USERS\ADMINISTRATOR\DESKTOP\ZOEZENTRACKER\WIN32\RELEASE\UDPSENDER.OBJ
C:\USERS\ADMINISTRATOR\DESKTOP\ZOEZENTRACKER\WIN32\RELEASE\UDPSENDERLISTDLG.OBJ
C:\USERS\ADMINISTRATOR\DESKTOP\ZOEZENTRACKER\WIN32\RELEASE\VC100.PDB
C:\Users\Administrator\Desktop\ZoezenTracker\Win32\Release\ZoezenTracker.write.1.tlog
